"Start of log file."
"C:/Users/Public/DOCUME~1/UNITYP~1/BLABLB~1/Poker/Assets/Meshes/chair.max"
"Starting max loading and fbx conversion"
window = undefined
"Settings units"
"Before fbx export"
"After fbx export"
"Finished max loading and fbx conversion"
"C:/Users/Public/DOCUME~1/UNITYP~1/BLABLB~1/Poker/Assets/Meshes/curtain.max"
"Starting max loading and fbx conversion"
window = undefined
"Settings units"
"Before fbx export"
"After fbx export"
"Finished max loading and fbx conversion"
"C:/Users/Public/DOCUME~1/UNITYP~1/BLABLB~1/Poker/Assets/Meshes/lamp.max"
"Starting max loading and fbx conversion"
window = undefined
"Settings units"
"Before fbx export"
"After fbx export"
"Finished max loading and fbx conversion"
"C:/Users/Public/DOCUME~1/UNITYP~1/BLABLB~1/Poker/Assets/Meshes/stolovka.max"
"Starting max loading and fbx conversion"
window = undefined
"Settings units"
"Before fbx export"
"After fbx export"
"Finished max loading and fbx conversion"
"C:/Users/Public/DOCUME~1/UNITYP~1/BLABLB~1/Poker/Assets/Meshes/dynamic.max"
"Starting max loading and fbx conversion"
window = undefined
"Settings units"
"Before fbx export"
"After fbx export"
"Finished max loading and fbx conversion"
"C:/Users/Public/DOCUME~1/UNITYP~1/BLABLB~1/Poker/Assets/Meshes/table.max"
"Starting max loading and fbx conversion"
window = undefined
"Settings units"
"Before fbx export"
"After fbx export"
"Finished max loading and fbx conversion"
